<?xml version="1.0" encoding="UTF-8"?>
<!-- Generated by org.testng.reporters.JUnitXMLReporter -->
<testsuite hostname="Compaq-PC" ignored="0" name="Default test" tests="7" failures="0" timestamp="31 May 2018 19:05:53 GMT" time="308.115" errors="0">
  <testcase name="login1" time="60.228" classname="com.qa.testcases.LoginPageTest"/>
  <testcase name="login1" time="58.851" classname="com.qa.testcases.LoginPageTest"/>
  <testcase name="login1" time="3.81" classname="com.qa.testcases.LoginPageTest"/>
  <testcase name="login1" time="5.221" classname="com.qa.testcases.LoginPageTest"/>
  <testcase name="login1" time="33.897" classname="com.qa.testcases.LoginPageTest"/>
  <testcase name="login1" time="5.497" classname="com.qa.testcases.LoginPageTest"/>
  <testcase name="login1" time="3.957" classname="com.qa.testcases.LoginPageTest"/>
</testsuite> <!-- Default test -->
