<?xml version="1.0" encoding="UTF-8"?>
<!-- Generated by org.testng.reporters.JUnitXMLReporter -->
<testsuite hostname="Compaq-PC" ignored="0" name="Command line test" tests="1" failures="0" timestamp="17 May 2018 05:30:52 GMT" time="0.106" errors="0">
  <testcase name="@BeforeMethod setUp" time="0.022" classname="com.qa.testcases.LoginPageTest">
    <failure type="java.lang.NullPointerException">
      <![CDATA[java.lang.NullPointerException
	at com.test1.qa.base.TestBase.initialization(TestBase.java:44)
	at com.qa.testcases.LoginPageTest.setUp(LoginPageTest.java:21)
... Removed 36 stack frames]]>
    </failure>
  </testcase> <!-- @BeforeMethod setUp -->
  <testcase name="login" time="0.003" classname="com.qa.testcases.LoginPageTest">
    <skipped/>
  </testcase> <!-- login -->
</testsuite> <!-- Command line test -->
